<!DOCTYPE html PUBLIC "-//W3C//DTD XHTML 1.1//EN" "https://www.w3.org/TR/xhtml11/DTD/xhtml11.dtd">
<html xmlns="https://www.w3.org/1999/xhtml">
<head>
<meta http-equiv="content-type" content="text/html; charset=UTF-8"/>
<title>TestNG Report</title>
<style type="text/css">table {margin-bottom:10px;border-collapse:collapse;empty-cells:show}th,td {border:1px solid #009;padding:.25em .5em}th {vertical-align:bottom}td {vertical-align:top}table a {font-weight:bold}.stripe td {background-color: #E6EBF9}.num {text-align:right}.passedodd td {background-color: #3F3}.passedeven td {background-color: #0A0}.skippedodd td {background-color: #DDD}.skippedeven td {background-color: #CCC}.failedodd td,.attn {background-color: #F33}.failedeven td,.stripe .attn {background-color: #D00}.stacktrace {white-space:pre;font-family:monospace}.totop {font-size:85%;text-align:center;border-bottom:2px solid #000}.invisible {display:none}</style>
</head>
<body>
<table>
<tr><th>Test</th><th># Passed</th><th># Skipped</th><th># Retried</th><th># Failed</th><th>Time (ms)</th><th>Included Groups</th><th>Excluded Groups</th></tr>
<tr><th colspan="8">Suite</th></tr>
<tr><td><a href="#t0">Test</a></td><td class="num">4</td><td class="num">0</td><td class="num">0</td><td class="num attn">9</td><td class="num">95,392</td><td></td><td></td></tr>
</table>
<table id='summary'><thead><tr><th>Class</th><th>Method</th><th>Start</th><th>Time (ms)</th></tr></thead><tbody><tr><th colspan="4">Suite</th></tr></tbody><tbody id="t0"><tr><th colspan="4">Test &#8212; failed</th></tr><tr class="failedeven"><td rowspan="9">com.InetBankingV1.TestCasess.TC_HomePage_002</td><td><a href="#m0">LogInDDT</a></td><td rowspan="9">1632221991565</td><td rowspan="9">4215</td></tr><tr class="failedeven"><td><a href="#m1">LogInDDT</a></td></tr><tr class="failedeven"><td><a href="#m2">LogInDDT</a></td></tr><tr class="failedeven"><td><a href="#m3">LogInDDT</a></td></tr><tr class="failedeven"><td><a href="#m4">LogInDDT</a></td></tr><tr class="failedeven"><td><a href="#m5">LogInDDT</a></td></tr><tr class="failedeven"><td><a href="#m6">LogInDDT</a></td></tr><tr class="failedeven"><td><a href="#m7">LogInDDT</a></td></tr><tr class="failedeven"><td><a href="#m8">LogInDDT</a></td></tr><tr><th colspan="4">Test &#8212; passed</th></tr><tr class="passedeven"><td rowspan="1">com.InetBankingV1.TestCasess.TC_HomePage_001</td><td><a href="#m9">TstOne</a></td><td rowspan="1">1632221938825</td><td rowspan="1">10747</td></tr><tr class="passedodd"><td rowspan="2">com.InetBankingV1.TestCasess.TC_HomePage_002</td><td><a href="#m10">LogInDDT</a></td><td rowspan="2">1632221955302</td><td rowspan="2">7577</td></tr><tr class="passedodd"><td><a href="#m11">LogInDDT</a></td></tr><tr class="passedeven"><td rowspan="1">com.InetBankingV1.TestCasess.TC_HomePage_003</td><td><a href="#m12">FillCustumerDetails</a></td><td rowspan="1">1632222012031</td><td rowspan="1">6174</td></tr></tbody>
</table>
<h2>Test</h2><h3 id="m0">com.InetBankingV1.TestCasess.TC_HomePage_002#LogInDDT</h3><table class="result"><tr class="param"><th>Parameter #1</th><th>Parameter #2</th></tr><tr class="param stripe"><td>mngr315903</td><td>parYdYmg</td></tr><tr><th colspan="2">Exception</th></tr><tr><td colspan="2"><div class="stacktrace">java.lang.AssertionError: expected [true] but found [false]
	at com.InetBankingV1.TestCasess.TC_HomePage_002.LogInDDT(TC_HomePage_002.java:33)
	at java.base/java.util.ArrayList.forEach(ArrayList.java:1511)
... Removed 31 stack frames</div></td></tr></table><p class="totop"><a href="#summary">back to summary</a></p>
<h3 id="m1">com.InetBankingV1.TestCasess.TC_HomePage_002#LogInDDT</h3><table class="result"><tr class="param"><th>Parameter #1</th><th>Parameter #2</th></tr><tr class="param stripe"><td>mngr315897</td><td>parYdYma</td></tr><tr><th colspan="2">Exception</th></tr><tr><td colspan="2"><div class="stacktrace">java.lang.AssertionError: expected [true] but found [false]
	at com.InetBankingV1.TestCasess.TC_HomePage_002.LogInDDT(TC_HomePage_002.java:33)
	at java.base/java.util.ArrayList.forEach(ArrayList.java:1511)
... Removed 31 stack frames</div></td></tr></table><p class="totop"><a href="#summary">back to summary</a></p>
<h3 id="m2">com.InetBankingV1.TestCasess.TC_HomePage_002#LogInDDT</h3><table class="result"><tr class="param"><th>Parameter #1</th><th>Parameter #2</th></tr><tr class="param stripe"><td>mngr315900</td><td>parYdYmd</td></tr><tr><th colspan="2">Exception</th></tr><tr><td colspan="2"><div class="stacktrace">java.lang.AssertionError: expected [true] but found [false]
	at com.InetBankingV1.TestCasess.TC_HomePage_002.LogInDDT(TC_HomePage_002.java:33)
	at java.base/java.util.ArrayList.forEach(ArrayList.java:1511)
... Removed 31 stack frames</div></td></tr></table><p class="totop"><a href="#summary">back to summary</a></p>
<h3 id="m3">com.InetBankingV1.TestCasess.TC_HomePage_002#LogInDDT</h3><table class="result"><tr class="param"><th>Parameter #1</th><th>Parameter #2</th></tr><tr class="param stripe"><td>mngr315904</td><td>parYdYmh</td></tr><tr><th colspan="2">Exception</th></tr><tr><td colspan="2"><div class="stacktrace">java.lang.AssertionError: expected [true] but found [false]
	at com.InetBankingV1.TestCasess.TC_HomePage_002.LogInDDT(TC_HomePage_002.java:33)
	at java.base/java.util.ArrayList.forEach(ArrayList.java:1511)
... Removed 31 stack frames</div></td></tr></table><p class="totop"><a href="#summary">back to summary</a></p>
<h3 id="m4">com.InetBankingV1.TestCasess.TC_HomePage_002#LogInDDT</h3><table class="result"><tr class="param"><th>Parameter #1</th><th>Parameter #2</th></tr><tr class="param stripe"><td>mngr315902</td><td>parYdYmf</td></tr><tr><th colspan="2">Exception</th></tr><tr><td colspan="2"><div class="stacktrace">java.lang.AssertionError: expected [true] but found [false]
	at com.InetBankingV1.TestCasess.TC_HomePage_002.LogInDDT(TC_HomePage_002.java:33)
	at java.base/java.util.ArrayList.forEach(ArrayList.java:1511)
... Removed 31 stack frames</div></td></tr></table><p class="totop"><a href="#summary">back to summary</a></p>
<h3 id="m5">com.InetBankingV1.TestCasess.TC_HomePage_002#LogInDDT</h3><table class="result"><tr class="param"><th>Parameter #1</th><th>Parameter #2</th></tr><tr class="param stripe"><td>mngr315901</td><td>parYdYme</td></tr><tr><th colspan="2">Exception</th></tr><tr><td colspan="2"><div class="stacktrace">java.lang.AssertionError: expected [true] but found [false]
	at com.InetBankingV1.TestCasess.TC_HomePage_002.LogInDDT(TC_HomePage_002.java:33)
	at java.base/java.util.ArrayList.forEach(ArrayList.java:1511)
... Removed 31 stack frames</div></td></tr></table><p class="totop"><a href="#summary">back to summary</a></p>
<h3 id="m6">com.InetBankingV1.TestCasess.TC_HomePage_002#LogInDDT</h3><table class="result"><tr class="param"><th>Parameter #1</th><th>Parameter #2</th></tr><tr class="param stripe"><td>mngr315906</td><td>parYdYm2</td></tr><tr><th colspan="2">Exception</th></tr><tr><td colspan="2"><div class="stacktrace">java.lang.AssertionError: expected [true] but found [false]
	at com.InetBankingV1.TestCasess.TC_HomePage_002.LogInDDT(TC_HomePage_002.java:33)
	at java.base/java.util.ArrayList.forEach(ArrayList.java:1511)
... Removed 31 stack frames</div></td></tr></table><p class="totop"><a href="#summary">back to summary</a></p>
<h3 id="m7">com.InetBankingV1.TestCasess.TC_HomePage_002#LogInDDT</h3><table class="result"><tr class="param"><th>Parameter #1</th><th>Parameter #2</th></tr><tr class="param stripe"><td>mngr315898</td><td>parYdYmb</td></tr><tr><th colspan="2">Exception</th></tr><tr><td colspan="2"><div class="stacktrace">java.lang.AssertionError: expected [true] but found [false]
	at com.InetBankingV1.TestCasess.TC_HomePage_002.LogInDDT(TC_HomePage_002.java:33)
	at java.base/java.util.ArrayList.forEach(ArrayList.java:1511)
... Removed 31 stack frames</div></td></tr></table><p class="totop"><a href="#summary">back to summary</a></p>
<h3 id="m8">com.InetBankingV1.TestCasess.TC_HomePage_002#LogInDDT</h3><table class="result"><tr class="param"><th>Parameter #1</th><th>Parameter #2</th></tr><tr class="param stripe"><td>mngr315905</td><td>parYdYm1</td></tr><tr><th colspan="2">Exception</th></tr><tr><td colspan="2"><div class="stacktrace">java.lang.AssertionError: expected [true] but found [false]
	at com.InetBankingV1.TestCasess.TC_HomePage_002.LogInDDT(TC_HomePage_002.java:33)
	at java.base/java.util.ArrayList.forEach(ArrayList.java:1511)
... Removed 31 stack frames</div></td></tr></table><p class="totop"><a href="#summary">back to summary</a></p>
<h3 id="m9">com.InetBankingV1.TestCasess.TC_HomePage_001#TstOne</h3><table class="result"><tr><th class="invisible"/></tr></table><p class="totop"><a href="#summary">back to summary</a></p>
<h3 id="m10">com.InetBankingV1.TestCasess.TC_HomePage_002#LogInDDT</h3><table class="result"><tr class="param"><th>Parameter #1</th><th>Parameter #2</th></tr><tr class="param stripe"><td>mngr315896</td><td>parYdYm</td></tr></table><p class="totop"><a href="#summary">back to summary</a></p>
<h3 id="m11">com.InetBankingV1.TestCasess.TC_HomePage_002#LogInDDT</h3><table class="result"><tr class="param"><th>Parameter #1</th><th>Parameter #2</th></tr><tr class="param stripe"><td>mngr354842</td><td>gYgYtaj</td></tr></table><p class="totop"><a href="#summary">back to summary</a></p>
<h3 id="m12">com.InetBankingV1.TestCasess.TC_HomePage_003#FillCustumerDetails</h3><table class="result"><tr><th class="invisible"/></tr></table><p class="totop"><a href="#summary">back to summary</a></p>
</body>
</html>
